Flow report for autito
Mon Oct 30 20:47:36 2023
Quartus II 64-Bit Version 13.0.1 Build 232 06/12/2013 Service Pack 1 SJ Web Edition


---------------------
; Table of Contents ;
---------------------
  1. Legal Notice
  2. Flow Summary
  3. Flow Settings
  4. Flow Non-Default Global Settings
  5. Flow Elapsed Time
  6. Flow OS Summary
  7. Flow Log
  8. Flow Messages
  9. Flow Suppressed Messages



----------------
; Legal Notice ;
----------------
Copyright (C) 1991-2013 Altera Corporation
Your use of Altera Corporation's design tools, logic functions 
and other software and tools, and its AMPP partner logic 
functions, and any output files from any of the foregoing 
(including device programming or simulation files), and any 
associated documentation or information are expressly subject 
to the terms and conditions of the Altera Program License 
Subscription Agreement, Altera MegaCore Function License 
Agreement, or other applicable license agreement, including, 
without limitation, that your use is for the sole purpose of 
programming logic devices manufactured by Altera and sold by 
Altera or its authorized distributors.  Please refer to the 
applicable agreement for further details.



+--------------------------------------------------------------------------------------+
; Flow Summary                                                                         ;
+------------------------------------+-------------------------------------------------+
; Flow Status                        ; Successful - Mon Oct 30 20:47:36 2023           ;
; Quartus II 64-Bit Version          ; 13.0.1 Build 232 06/12/2013 SP 1 SJ Web Edition ;
; Revision Name                      ; autito                                          ;
; Top-level Entity Name              ; autito_principal                                ;
; Family                             ; Cyclone IV E                                    ;
; Device                             ; EP4CE22F17C6                                    ;
; Timing Models                      ; Final                                           ;
; Total logic elements               ; 100 / 22,320 ( < 1 % )                          ;
;     Total combinational functions  ; 96 / 22,320 ( < 1 % )                           ;
;     Dedicated logic registers      ; 59 / 22,320 ( < 1 % )                           ;
; Total registers                    ; 59                                              ;
; Total pins                         ; 30 / 154 ( 19 % )                               ;
; Total virtual pins                 ; 0                                               ;
; Total memory bits                  ; 0 / 608,256 ( 0 % )                             ;
; Embedded Multiplier 9-bit elements ; 0 / 132 ( 0 % )                                 ;
; Total PLLs                         ; 2 / 4 ( 50 % )                                  ;
+------------------------------------+-------------------------------------------------+


+-----------------------------------------+
; Flow Settings                           ;
+-------------------+---------------------+
; Option            ; Setting             ;
+-------------------+---------------------+
; Start date & time ; 10/30/2023 20:46:52 ;
; Main task         ; Compilation         ;
; Revision Name     ; autito              ;
+-------------------+---------------------+


+---------------------------------------------------------------------------------------------------------------------------------+
; Flow Non-Default Global Settings                                                                                                ;
+-------------------------------------+---------------------------------------+---------------+------------------+----------------+
; Assignment Name                     ; Value                                 ; Default Value ; Entity Name      ; Section Id     ;
+-------------------------------------+---------------------------------------+---------------+------------------+----------------+
; COMPILER_SIGNATURE_ID               ; 150294081748984.169870961204300       ; --            ; --               ; --             ;
; EDA_GENERATE_FUNCTIONAL_NETLIST     ; On                                    ; --            ; --               ; eda_simulation ;
; EDA_OUTPUT_DATA_FORMAT              ; Verilog Hdl                           ; --            ; --               ; eda_simulation ;
; EDA_SIMULATION_TOOL                 ; ModelSim-Altera (Verilog)             ; <None>        ; --               ; --             ;
; IP_TOOL_NAME                        ; LPM_COMPARE                           ; --            ; --               ; --             ;
; IP_TOOL_NAME                        ; ALTPLL                                ; --            ; --               ; --             ;
; IP_TOOL_NAME                        ; ALTPLL                                ; --            ; --               ; --             ;
; IP_TOOL_NAME                        ; LPM_COUNTER                           ; --            ; --               ; --             ;
; IP_TOOL_NAME                        ; LPM_COUNTER                           ; --            ; --               ; --             ;
; IP_TOOL_NAME                        ; ALTPLL                                ; --            ; --               ; --             ;
; IP_TOOL_NAME                        ; ALTPLL                                ; --            ; --               ; --             ;
; IP_TOOL_VERSION                     ; 13.0                                  ; --            ; --               ; --             ;
; IP_TOOL_VERSION                     ; 13.0                                  ; --            ; --               ; --             ;
; IP_TOOL_VERSION                     ; 13.0                                  ; --            ; --               ; --             ;
; IP_TOOL_VERSION                     ; 13.0                                  ; --            ; --               ; --             ;
; IP_TOOL_VERSION                     ; 13.0                                  ; --            ; --               ; --             ;
; IP_TOOL_VERSION                     ; 13.0                                  ; --            ; --               ; --             ;
; IP_TOOL_VERSION                     ; 13.0                                  ; --            ; --               ; --             ;
; MAX_CORE_JUNCTION_TEMP              ; 85                                    ; --            ; --               ; --             ;
; MIN_CORE_JUNCTION_TEMP              ; 0                                     ; --            ; --               ; --             ;
; MISC_FILE                           ; lpm_compare0.bsf                      ; --            ; --               ; --             ;
; MISC_FILE                           ; lpm_compare0_inst.vhd                 ; --            ; --               ; --             ;
; MISC_FILE                           ; altpll0.ppf                           ; --            ; --               ; --             ;
; MISC_FILE                           ; altpll1.ppf                           ; --            ; --               ; --             ;
; MISC_FILE                           ; lpm_counter5.bsf                      ; --            ; --               ; --             ;
; MISC_FILE                           ; lpm_counter3.bsf                      ; --            ; --               ; --             ;
; MISC_FILE                           ; output_files/altpll7.bsf              ; --            ; --               ; --             ;
; MISC_FILE                           ; output_files/altpll7.ppf              ; --            ; --               ; --             ;
; MISC_FILE                           ; output_files/altpll3.bsf              ; --            ; --               ; --             ;
; MISC_FILE                           ; output_files/altpll3.ppf              ; --            ; --               ; --             ;
; NOMINAL_CORE_SUPPLY_VOLTAGE         ; 1.2V                                  ; --            ; --               ; --             ;
; PARTITION_COLOR                     ; 16764057                              ; --            ; autito_principal ; Top            ;
; PARTITION_FITTER_PRESERVATION_LEVEL ; PLACEMENT_AND_ROUTING                 ; --            ; autito_principal ; Top            ;
; PARTITION_NETLIST_TYPE              ; SOURCE                                ; --            ; autito_principal ; Top            ;
; POWER_BOARD_THERMAL_MODEL           ; None (CONSERVATIVE)                   ; --            ; --               ; --             ;
; POWER_PRESET_COOLING_SOLUTION       ; 23 MM HEAT SINK WITH 200 LFPM AIRFLOW ; --            ; --               ; --             ;
; PROJECT_OUTPUT_DIRECTORY            ; output_files                          ; --            ; --               ; --             ;
; TOP_LEVEL_ENTITY                    ; autito_principal                      ; autito        ; --               ; --             ;
+-------------------------------------+---------------------------------------+---------------+------------------+----------------+


+-------------------------------------------------------------------------------------------------------------------------------+
; Flow Elapsed Time                                                                                                             ;
+---------------------------+--------------+-------------------------+---------------------+------------------------------------+
; Module Name               ; Elapsed Time ; Average Processors Used ; Peak Virtual Memory ; Total CPU Time (on all processors) ;
+---------------------------+--------------+-------------------------+---------------------+------------------------------------+
; Analysis & Synthesis      ; 00:00:06     ; 1.0                     ; 4651 MB             ; 00:00:05                           ;
; Fitter                    ; 00:00:23     ; 1.0                     ; 4930 MB             ; 00:00:17                           ;
; Assembler                 ; 00:00:03     ; 1.0                     ; 4543 MB             ; 00:00:03                           ;
; TimeQuest Timing Analyzer ; 00:00:04     ; 1.0                     ; 4617 MB             ; 00:00:04                           ;
; EDA Netlist Writer        ; 00:00:01     ; 1.0                     ; 4502 MB             ; 00:00:01                           ;
; Total                     ; 00:00:37     ; --                      ; --                  ; 00:00:30                           ;
+---------------------------+--------------+-------------------------+---------------------+------------------------------------+


+----------------------------------------------------------------------------------------+
; Flow OS Summary                                                                        ;
+---------------------------+------------------+-----------+------------+----------------+
; Module Name               ; Machine Hostname ; OS Name   ; OS Version ; Processor type ;
+---------------------------+------------------+-----------+------------+----------------+
; Analysis & Synthesis      ; DESKTOP-FLBN1HE  ; Windows 7 ; 6.2        ; x86_64         ;
; Fitter                    ; DESKTOP-FLBN1HE  ; Windows 7 ; 6.2        ; x86_64         ;
; Assembler                 ; DESKTOP-FLBN1HE  ; Windows 7 ; 6.2        ; x86_64         ;
; TimeQuest Timing Analyzer ; DESKTOP-FLBN1HE  ; Windows 7 ; 6.2        ; x86_64         ;
; EDA Netlist Writer        ; DESKTOP-FLBN1HE  ; Windows 7 ; 6.2        ; x86_64         ;
+---------------------------+------------------+-----------+------------+----------------+


------------
; Flow Log ;
------------
quartus_map --read_settings_files=on --write_settings_files=off autito -c autito
quartus_fit --read_settings_files=off --write_settings_files=off autito -c autito
quartus_asm --read_settings_files=off --write_settings_files=off autito -c autito
quartus_sta autito -c autito
quartus_eda --read_settings_files=off --write_settings_files=off autito -c autito



